2026-01-19 16:29:09 - #----------Config info----------#
2026-01-19 16:29:09 - network: egeunet,
2026-01-19 16:29:09 - model_config: {'num_classes': 1, 'input_channels': 3, 'c_list': [8, 16, 24, 32, 48, 64], 'bridge': True, 'gt_ds': True},
2026-01-19 16:29:09 - datasets: yiwu,
2026-01-19 16:29:09 - data_path: E:/segment_models/EGE-UNet/data/yiwu/,
2026-01-19 16:29:09 - criterion: GT_BceDiceLoss(
  (bcedice): BceDiceLoss(
    (bce): BCELoss(
      (bceloss): BCELoss()
    )
    (dice): DiceLoss()
  )
),
2026-01-19 16:29:09 - pretrained_path: ./pre_trained/,
2026-01-19 16:29:09 - num_classes: 1,
2026-01-19 16:29:09 - input_size_h: 128,
2026-01-19 16:29:09 - input_size_w: 128,
2026-01-19 16:29:09 - input_channels: 3,
2026-01-19 16:29:09 - distributed: False,
2026-01-19 16:29:09 - local_rank: -1,
2026-01-19 16:29:09 - num_workers: 0,
2026-01-19 16:29:09 - seed: 42,
2026-01-19 16:29:09 - world_size: None,
2026-01-19 16:29:09 - rank: None,
2026-01-19 16:29:09 - amp: False,
2026-01-19 16:29:09 - gpu_id: 0,
2026-01-19 16:29:09 - batch_size: 8,
2026-01-19 16:29:09 - epochs: 300,
2026-01-19 16:29:09 - work_dir: results/egeunet_yiwu_Monday_19_January_2026_16h_29m_09s/,
2026-01-19 16:29:09 - print_interval: 20,
2026-01-19 16:29:09 - val_interval: 30,
2026-01-19 16:29:09 - save_interval: 100,
2026-01-19 16:29:09 - threshold: 0.5,
2026-01-19 16:29:09 - train_transformer: Compose(
    <utils.myNormalize object at 0x000002055014CFD0>
    <utils.myToTensor object at 0x000002055014CF40>
    <utils.myRandomHorizontalFlip object at 0x000002054FA03490>
    <utils.myRandomVerticalFlip object at 0x00000205501542B0>
    <utils.myRandomRotation object at 0x0000020550154370>
    <utils.myResize object at 0x00000205501543D0>
),
2026-01-19 16:29:09 - test_transformer: Compose(
    <utils.myNormalize object at 0x00000205501544C0>
    <utils.myToTensor object at 0x00000205501544F0>
    <utils.myResize object at 0x0000020550154520>
),
2026-01-19 16:29:09 - opt: AdamW,
2026-01-19 16:29:09 - lr: 0.001,
2026-01-19 16:29:09 - betas: (0.9, 0.999),
2026-01-19 16:29:09 - eps: 1e-08,
2026-01-19 16:29:09 - weight_decay: 0.01,
2026-01-19 16:29:09 - amsgrad: False,
2026-01-19 16:29:09 - sch: CosineAnnealingLR,
2026-01-19 16:29:09 - T_max: 50,
2026-01-19 16:29:09 - eta_min: 1e-05,
2026-01-19 16:29:09 - last_epoch: -1,
2026-01-19 16:29:10 - train: epoch 1, iter:0, loss: 5.4660, lr: 0.001
2026-01-19 16:29:12 - val epoch: 1, loss: 2.9032
2026-01-19 16:29:13 - train: epoch 2, iter:0, loss: 2.9174, lr: 0.0009990232305719944
2026-01-19 16:29:15 - val epoch: 2, loss: 2.7001
2026-01-19 16:29:15 - train: epoch 3, iter:0, loss: 2.6949, lr: 0.0009960967771506664
2026-01-19 16:29:17 - val epoch: 3, loss: 2.6489
2026-01-19 16:29:17 - train: epoch 4, iter:0, loss: 2.6502, lr: 0.0009912321891107007
2026-01-19 16:29:19 - val epoch: 4, loss: 2.6203
2026-01-19 16:29:19 - train: epoch 5, iter:0, loss: 2.6334, lr: 0.0009844486647586721
2026-01-19 16:29:21 - val epoch: 5, loss: 2.5909
2026-01-19 16:29:21 - train: epoch 6, iter:0, loss: 2.5989, lr: 0.0009757729755661009
2026-01-19 16:29:24 - val epoch: 6, loss: 2.5723
2026-01-19 16:29:24 - train: epoch 7, iter:0, loss: 2.5782, lr: 0.0009652393605146842
2026-01-19 16:29:27 - val epoch: 7, loss: 2.5458
2026-01-19 16:29:27 - train: epoch 8, iter:0, loss: 2.4356, lr: 0.0009528893909706795
2026-01-19 16:29:30 - val epoch: 8, loss: 2.5171
2026-01-19 16:29:31 - train: epoch 9, iter:0, loss: 2.5145, lr: 0.0009387718066217122
2026-01-19 16:29:33 - val epoch: 9, loss: 2.4826
2026-01-19 16:29:33 - train: epoch 10, iter:0, loss: 2.4762, lr: 0.0009229423231234972
2026-01-19 16:29:35 - val epoch: 10, loss: 2.4473
2026-01-19 16:29:35 - train: epoch 11, iter:0, loss: 2.4372, lr: 0.0009054634122155987
2026-01-19 16:29:37 - val epoch: 11, loss: 2.4081
2026-01-19 16:29:37 - train: epoch 12, iter:0, loss: 2.3963, lr: 0.0008864040551740153
2026-01-19 16:29:39 - val epoch: 12, loss: 2.3724
2026-01-19 16:29:40 - train: epoch 13, iter:0, loss: 2.3607, lr: 0.0008658394705735984
2026-01-19 16:29:42 - val epoch: 13, loss: 2.3543
2026-01-19 16:29:42 - train: epoch 14, iter:0, loss: 2.2510, lr: 0.0008438508174347006
2026-01-19 16:29:44 - val epoch: 14, loss: 2.3259
2026-01-19 16:29:44 - train: epoch 15, iter:0, loss: 2.3062, lr: 0.000820524874925601
2026-01-19 16:29:46 - val epoch: 15, loss: 2.3055
2026-01-19 16:29:46 - train: epoch 16, iter:0, loss: 2.2871, lr: 0.000795953699884774
2026-01-19 16:29:48 - val epoch: 16, loss: 2.2909
2026-01-19 16:29:48 - train: epoch 17, iter:0, loss: 2.2175, lr: 0.000770234263514603
2026-01-19 16:29:49 - val epoch: 17, loss: 2.2783
2026-01-19 16:29:50 - train: epoch 18, iter:0, loss: 2.2338, lr: 0.0007434680686803488
2026-01-19 16:29:52 - val epoch: 18, loss: 2.2619
2026-01-19 16:29:52 - train: epoch 19, iter:0, loss: 2.2161, lr: 0.0007157607493247108
2026-01-19 16:29:54 - val epoch: 19, loss: 2.2520
2026-01-19 16:29:54 - train: epoch 20, iter:0, loss: 2.2095, lr: 0.0006872216535789154
2026-01-19 16:29:56 - val epoch: 20, loss: 2.2374
2026-01-19 16:29:56 - train: epoch 21, iter:0, loss: 2.1912, lr: 0.0006579634122155987
2026-01-19 16:29:58 - val epoch: 21, loss: 2.2277
2026-01-19 16:29:58 - train: epoch 22, iter:0, loss: 2.1809, lr: 0.0006281014941466028
2026-01-19 16:30:00 - val epoch: 22, loss: 2.2094
2026-01-19 16:30:00 - train: epoch 23, iter:0, loss: 2.1377, lr: 0.0005977537507199335
2026-01-19 16:30:02 - val epoch: 23, loss: 1.8833
2026-01-19 16:30:02 - train: epoch 24, iter:0, loss: 1.8500, lr: 0.0005670399506143305
2026-01-19 16:30:04 - val epoch: 24, loss: 1.6226
2026-01-19 16:30:04 - train: epoch 25, iter:0, loss: 1.5343, lr: 0.0005360813071670099
2026-01-19 16:30:06 - val epoch: 25, loss: 1.5387
2026-01-19 16:30:06 - train: epoch 26, iter:0, loss: 1.4808, lr: 0.0005049999999999998
2026-01-19 16:30:08 - val epoch: 26, loss: 1.4954
2026-01-19 16:30:08 - train: epoch 27, iter:0, loss: 1.3168, lr: 0.0004739186928329897
2026-01-19 16:30:10 - val epoch: 27, loss: 1.4627
2026-01-19 16:30:10 - train: epoch 28, iter:0, loss: 1.3340, lr: 0.0004429600493856692
2026-01-19 16:30:12 - val epoch: 28, loss: 1.4401
2026-01-19 16:30:12 - train: epoch 29, iter:0, loss: 1.4733, lr: 0.0004122462492800661
2026-01-19 16:30:14 - val epoch: 29, loss: 1.4388
2026-01-19 16:30:14 - train: epoch 30, iter:0, loss: 1.2930, lr: 0.0003818985058533967
2026-01-19 16:30:16 - val epoch: 30, loss: 1.4232, miou: 0.7252396166134185, f1_or_dsc: 0.8407407407407408, accuracy: 0.9992759967672413,                 specificity: 0.9996772403841894, sensitivity: 0.8262056414922657, confusion_matrix: [[473884    153]
 [   191    908]]
2026-01-19 16:30:16 - train: epoch 31, iter:0, loss: 1.2895, lr: 0.00035203658778440103
2026-01-19 16:30:18 - val epoch: 31, loss: 1.4195
2026-01-19 16:30:18 - train: epoch 32, iter:0, loss: 1.3012, lr: 0.00032277834642108444
2026-01-19 16:30:20 - val epoch: 32, loss: 1.4089
2026-01-19 16:30:21 - train: epoch 33, iter:0, loss: 1.2984, lr: 0.0002942392506752889
2026-01-19 16:30:22 - val epoch: 33, loss: 1.4013
2026-01-19 16:30:23 - train: epoch 34, iter:0, loss: 1.2573, lr: 0.00026653193131965077
2026-01-19 16:30:24 - val epoch: 34, loss: 1.3999
2026-01-19 16:30:25 - train: epoch 35, iter:0, loss: 1.2341, lr: 0.00023976573648539642
2026-01-19 16:30:26 - val epoch: 35, loss: 1.3951
2026-01-19 16:30:27 - train: epoch 36, iter:0, loss: 1.2476, lr: 0.00021404630011522574
2026-01-19 16:30:28 - val epoch: 36, loss: 1.3942
2026-01-19 16:30:29 - train: epoch 37, iter:0, loss: 1.2193, lr: 0.00018947512507439847
2026-01-19 16:30:31 - val epoch: 37, loss: 1.3895
2026-01-19 16:30:31 - train: epoch 38, iter:0, loss: 1.2624, lr: 0.000166149182565299
2026-01-19 16:30:33 - val epoch: 38, loss: 1.3871
2026-01-19 16:30:33 - train: epoch 39, iter:0, loss: 1.2821, lr: 0.00014416052942640132
2026-01-19 16:30:35 - val epoch: 39, loss: 1.3870
2026-01-19 16:30:35 - train: epoch 40, iter:0, loss: 1.2625, lr: 0.00012359594482598432
2026-01-19 16:30:37 - val epoch: 40, loss: 1.3846
2026-01-19 16:30:37 - train: epoch 41, iter:0, loss: 1.3033, lr: 0.00010453658778440102
2026-01-19 16:30:39 - val epoch: 41, loss: 1.3824
2026-01-19 16:30:39 - train: epoch 42, iter:0, loss: 1.2495, lr: 8.70576768765026e-05
2026-01-19 16:30:41 - val epoch: 42, loss: 1.3812
2026-01-19 16:30:41 - train: epoch 43, iter:0, loss: 1.2647, lr: 7.12281933782875e-05
2026-01-19 16:30:43 - val epoch: 43, loss: 1.3800
2026-01-19 16:30:43 - train: epoch 44, iter:0, loss: 1.4312, lr: 5.71106090293204e-05
2026-01-19 16:30:45 - val epoch: 44, loss: 1.3791
2026-01-19 16:30:45 - train: epoch 45, iter:0, loss: 1.2819, lr: 4.4760639485315563e-05
2026-01-19 16:30:47 - val epoch: 45, loss: 1.3801
2026-01-19 16:30:47 - train: epoch 46, iter:0, loss: 1.2565, lr: 3.422702443389899e-05
2026-01-19 16:30:49 - val epoch: 46, loss: 1.3802
2026-01-19 16:30:50 - train: epoch 47, iter:0, loss: 1.3898, lr: 2.5551335241327665e-05
2026-01-19 16:30:52 - val epoch: 47, loss: 1.3798
2026-01-19 16:30:52 - train: epoch 48, iter:0, loss: 1.2769, lr: 1.876781088929908e-05
2026-01-19 16:30:54 - val epoch: 48, loss: 1.3789
2026-01-19 16:30:54 - train: epoch 49, iter:0, loss: 1.4017, lr: 1.3903222849333505e-05
2026-01-19 16:30:56 - val epoch: 49, loss: 1.3782
2026-01-19 16:30:56 - train: epoch 50, iter:0, loss: 1.2434, lr: 1.0976769428005579e-05
2026-01-19 16:30:58 - val epoch: 50, loss: 1.3780
2026-01-19 16:30:58 - train: epoch 51, iter:0, loss: 1.2037, lr: 1e-05
2026-01-19 16:31:00 - val epoch: 51, loss: 1.3779
2026-01-19 16:31:00 - train: epoch 52, iter:0, loss: 1.2379, lr: 1.0976769428005579e-05
2026-01-19 16:31:02 - val epoch: 52, loss: 1.3779
2026-01-19 16:31:02 - train: epoch 53, iter:0, loss: 1.2994, lr: 1.3903222849333451e-05
2026-01-19 16:31:04 - val epoch: 53, loss: 1.3775
2026-01-19 16:31:04 - train: epoch 54, iter:0, loss: 1.2387, lr: 1.8767810889299133e-05
2026-01-19 16:31:06 - val epoch: 54, loss: 1.3773
2026-01-19 16:31:06 - train: epoch 55, iter:0, loss: 1.4261, lr: 2.555133524132755e-05
2026-01-19 16:31:08 - val epoch: 55, loss: 1.3770
2026-01-19 16:31:08 - train: epoch 56, iter:0, loss: 1.2590, lr: 3.422702443389893e-05
2026-01-19 16:31:10 - val epoch: 56, loss: 1.3759
2026-01-19 16:31:10 - train: epoch 57, iter:0, loss: 1.3925, lr: 4.47606394853155e-05
2026-01-19 16:31:12 - val epoch: 57, loss: 1.3753
2026-01-19 16:31:12 - train: epoch 58, iter:0, loss: 1.2404, lr: 5.711060902932022e-05
2026-01-19 16:31:14 - val epoch: 58, loss: 1.3747
2026-01-19 16:31:14 - train: epoch 59, iter:0, loss: 1.1799, lr: 7.122819337828748e-05
2026-01-19 16:31:16 - val epoch: 59, loss: 1.3737
2026-01-19 16:31:16 - train: epoch 60, iter:0, loss: 1.2430, lr: 8.705767687650243e-05
2026-01-19 16:31:18 - val epoch: 60, loss: 1.3707, miou: 0.738673139158576, f1_or_dsc: 0.8496975337366217, accuracy: 0.9993201946390087,                 specificity: 0.9997109930237513, sensitivity: 0.8307552320291174, confusion_matrix: [[473900    137]
 [   186    913]]
2026-01-19 16:31:18 - train: epoch 61, iter:0, loss: 1.2664, lr: 0.00010453658778440077
2026-01-19 16:31:20 - val epoch: 61, loss: 1.3716
2026-01-19 16:31:20 - train: epoch 62, iter:0, loss: 1.2213, lr: 0.00012359594482598424
2026-01-19 16:31:22 - val epoch: 62, loss: 1.3715
2026-01-19 16:31:22 - train: epoch 63, iter:0, loss: 1.2459, lr: 0.00014416052942640102
2026-01-19 16:31:24 - val epoch: 63, loss: 1.3672
2026-01-19 16:31:24 - train: epoch 64, iter:0, loss: 1.2087, lr: 0.00016614918256529904
2026-01-19 16:31:26 - val epoch: 64, loss: 1.3686
2026-01-19 16:31:26 - train: epoch 65, iter:0, loss: 1.3771, lr: 0.00018947512507439858
2026-01-19 16:31:28 - val epoch: 65, loss: 1.3651
2026-01-19 16:31:28 - train: epoch 66, iter:0, loss: 1.3771, lr: 0.00021404630011522563
2026-01-19 16:31:30 - val epoch: 66, loss: 1.3661
2026-01-19 16:31:30 - train: epoch 67, iter:0, loss: 1.2236, lr: 0.00023976573648539672
2026-01-19 16:31:32 - val epoch: 67, loss: 1.3584
2026-01-19 16:31:32 - train: epoch 68, iter:0, loss: 1.2054, lr: 0.0002665319313196509
2026-01-19 16:31:34 - val epoch: 68, loss: 1.3551
2026-01-19 16:31:34 - train: epoch 69, iter:0, loss: 1.2340, lr: 0.00029423925067528913
2026-01-19 16:31:36 - val epoch: 69, loss: 1.3583
2026-01-19 16:31:37 - train: epoch 70, iter:0, loss: 1.2233, lr: 0.00032277834642108433
2026-01-19 16:31:38 - val epoch: 70, loss: 1.3541
2026-01-19 16:31:39 - train: epoch 71, iter:0, loss: 1.2635, lr: 0.00035203658778440076
2026-01-19 16:31:40 - val epoch: 71, loss: 1.3425
2026-01-19 16:31:41 - train: epoch 72, iter:0, loss: 1.3889, lr: 0.00038189850585339686
2026-01-19 16:31:42 - val epoch: 72, loss: 1.3437
2026-01-19 16:31:43 - train: epoch 73, iter:0, loss: 1.3689, lr: 0.0004122462492800661
2026-01-19 16:31:44 - val epoch: 73, loss: 1.3344
2026-01-19 16:31:45 - train: epoch 74, iter:0, loss: 1.1692, lr: 0.000442960049385669
2026-01-19 16:31:46 - val epoch: 74, loss: 1.3351
2026-01-19 16:31:47 - train: epoch 75, iter:0, loss: 1.3914, lr: 0.00047391869283298975
2026-01-19 16:31:48 - val epoch: 75, loss: 1.3217
2026-01-19 16:31:49 - train: epoch 76, iter:0, loss: 1.3716, lr: 0.0005049999999999997
2026-01-19 16:31:50 - val epoch: 76, loss: 1.3221
2026-01-19 16:31:51 - train: epoch 77, iter:0, loss: 1.1631, lr: 0.0005360813071670096
2026-01-19 16:31:52 - val epoch: 77, loss: 1.3209
2026-01-19 16:31:53 - train: epoch 78, iter:0, loss: 1.2187, lr: 0.0005670399506143304
2026-01-19 16:31:54 - val epoch: 78, loss: 1.3093
2026-01-19 16:31:55 - train: epoch 79, iter:0, loss: 1.1924, lr: 0.0005977537507199333
2026-01-19 16:31:56 - val epoch: 79, loss: 1.3197
2026-01-19 16:31:57 - train: epoch 80, iter:0, loss: 1.3615, lr: 0.0006281014941466028
2026-01-19 16:31:58 - val epoch: 80, loss: 1.3343
2026-01-19 16:31:59 - train: epoch 81, iter:0, loss: 1.2405, lr: 0.0006579634122155985
2026-01-19 16:32:01 - val epoch: 81, loss: 1.3235
2026-01-19 16:32:01 - train: epoch 82, iter:0, loss: 1.2278, lr: 0.000687221653578915
2026-01-19 16:32:03 - val epoch: 82, loss: 1.2933
2026-01-19 16:32:03 - train: epoch 83, iter:0, loss: 1.3291, lr: 0.0007157607493247102
2026-01-19 16:32:05 - val epoch: 83, loss: 1.2809
2026-01-19 16:32:05 - train: epoch 84, iter:0, loss: 1.1534, lr: 0.0007434680686803489
2026-01-19 16:32:07 - val epoch: 84, loss: 1.2733
2026-01-19 16:32:07 - train: epoch 85, iter:0, loss: 1.1313, lr: 0.0007702342635146031
2026-01-19 16:32:09 - val epoch: 85, loss: 1.2696
2026-01-19 16:32:09 - train: epoch 86, iter:0, loss: 1.1041, lr: 0.0007959536998847739
2026-01-19 16:32:11 - val epoch: 86, loss: 1.2532
2026-01-19 16:32:11 - train: epoch 87, iter:0, loss: 1.1739, lr: 0.0008205248749256009
2026-01-19 16:32:13 - val epoch: 87, loss: 1.2565
2026-01-19 16:32:13 - train: epoch 88, iter:0, loss: 1.1120, lr: 0.0008438508174347003
2026-01-19 16:32:15 - val epoch: 88, loss: 1.2461
2026-01-19 16:32:15 - train: epoch 89, iter:0, loss: 1.2597, lr: 0.0008658394705735983
2026-01-19 16:32:17 - val epoch: 89, loss: 1.2347
2026-01-19 16:32:17 - train: epoch 90, iter:0, loss: 1.1107, lr: 0.0008864040551740155
2026-01-19 16:32:19 - val epoch: 90, loss: 1.2439, miou: 0.7612687813021702, f1_or_dsc: 0.8644549763033176, accuracy: 0.9993980670797413,                 specificity: 0.9997911555427108, sensitivity: 0.8298453139217471, confusion_matrix: [[473938     99]
 [   187    912]]
2026-01-19 16:32:19 - train: epoch 91, iter:0, loss: 1.1591, lr: 0.0009054634122155987
2026-01-19 16:32:21 - val epoch: 91, loss: 1.2256
2026-01-19 16:32:21 - train: epoch 92, iter:0, loss: 1.1193, lr: 0.0009229423231234971
2026-01-19 16:32:23 - val epoch: 92, loss: 1.2287
2026-01-19 16:32:23 - train: epoch 93, iter:0, loss: 1.2790, lr: 0.0009387718066217119
2026-01-19 16:32:25 - val epoch: 93, loss: 1.2093
2026-01-19 16:32:25 - train: epoch 94, iter:0, loss: 1.1253, lr: 0.0009528893909706792
2026-01-19 16:32:27 - val epoch: 94, loss: 1.2216
2026-01-19 16:32:27 - train: epoch 95, iter:0, loss: 1.0507, lr: 0.000965239360514684
2026-01-19 16:32:29 - val epoch: 95, loss: 1.1913
2026-01-19 16:32:29 - train: epoch 96, iter:0, loss: 1.0352, lr: 0.0009757729755661005
2026-01-19 16:32:31 - val epoch: 96, loss: 1.1967
2026-01-19 16:32:31 - train: epoch 97, iter:0, loss: 1.0392, lr: 0.0009844486647586717
2026-01-19 16:32:33 - val epoch: 97, loss: 1.2067
2026-01-19 16:32:33 - train: epoch 98, iter:0, loss: 1.0751, lr: 0.0009912321891107003
2026-01-19 16:32:35 - val epoch: 98, loss: 1.2022
2026-01-19 16:32:35 - train: epoch 99, iter:0, loss: 1.0550, lr: 0.0009960967771506658
2026-01-19 16:32:37 - val epoch: 99, loss: 1.1902
2026-01-19 16:32:37 - train: epoch 100, iter:0, loss: 1.0936, lr: 0.0009990232305719937
2026-01-19 16:32:39 - val epoch: 100, loss: 1.1671
2026-01-19 16:32:39 - train: epoch 101, iter:0, loss: 1.0221, lr: 0.0009999999999999994
2026-01-19 16:32:41 - val epoch: 101, loss: 1.1396
2026-01-19 16:32:41 - train: epoch 102, iter:0, loss: 1.2198, lr: 0.0009990232305719937
2026-01-19 16:32:43 - val epoch: 102, loss: 1.1391
2026-01-19 16:32:44 - train: epoch 103, iter:0, loss: 1.0244, lr: 0.0009960967771506658
2026-01-19 16:32:45 - val epoch: 103, loss: 1.1255
2026-01-19 16:32:46 - train: epoch 104, iter:0, loss: 0.9796, lr: 0.0009912321891107
2026-01-19 16:32:47 - val epoch: 104, loss: 1.1222
2026-01-19 16:32:48 - train: epoch 105, iter:0, loss: 0.9771, lr: 0.0009844486647586715
2026-01-19 16:32:49 - val epoch: 105, loss: 1.1074
2026-01-19 16:32:50 - train: epoch 106, iter:0, loss: 1.0083, lr: 0.0009757729755661002
2026-01-19 16:32:51 - val epoch: 106, loss: 1.0943
2026-01-19 16:32:52 - train: epoch 107, iter:0, loss: 0.9306, lr: 0.0009652393605146837
2026-01-19 16:32:53 - val epoch: 107, loss: 1.0825
2026-01-19 16:32:54 - train: epoch 108, iter:0, loss: 0.9077, lr: 0.000952889390970679
2026-01-19 16:32:55 - val epoch: 108, loss: 1.0746
2026-01-19 16:32:56 - train: epoch 109, iter:0, loss: 0.9057, lr: 0.0009387718066217118
2026-01-19 16:32:57 - val epoch: 109, loss: 1.0531
2026-01-19 16:32:58 - train: epoch 110, iter:0, loss: 0.8751, lr: 0.0009229423231234969
2026-01-19 16:32:59 - val epoch: 110, loss: 1.0566
2026-01-19 16:33:00 - train: epoch 111, iter:0, loss: 0.9883, lr: 0.0009054634122155982
2026-01-19 16:33:02 - val epoch: 111, loss: 1.0470
2026-01-19 16:33:02 - train: epoch 112, iter:0, loss: 0.9012, lr: 0.0008864040551740147
2026-01-19 16:33:04 - val epoch: 112, loss: 1.0320
2026-01-19 16:33:04 - train: epoch 113, iter:0, loss: 0.9171, lr: 0.0008658394705735979
2026-01-19 16:33:06 - val epoch: 113, loss: 1.0296
2026-01-19 16:33:06 - train: epoch 114, iter:0, loss: 1.0917, lr: 0.0008438508174347002
2026-01-19 16:33:08 - val epoch: 114, loss: 1.0354
2026-01-19 16:33:08 - train: epoch 115, iter:0, loss: 0.8656, lr: 0.0008205248749256007
2026-01-19 16:33:10 - val epoch: 115, loss: 1.0375
2026-01-19 16:33:10 - train: epoch 116, iter:0, loss: 0.9109, lr: 0.0007959536998847731
2026-01-19 16:33:12 - val epoch: 116, loss: 1.0167
2026-01-19 16:33:12 - train: epoch 117, iter:0, loss: 1.1237, lr: 0.0007702342635146026
2026-01-19 16:33:14 - val epoch: 117, loss: 1.0152
2026-01-19 16:33:14 - train: epoch 118, iter:0, loss: 0.8640, lr: 0.0007434680686803485
2026-01-19 16:33:16 - val epoch: 118, loss: 1.0212
2026-01-19 16:33:17 - train: epoch 119, iter:0, loss: 0.8313, lr: 0.0007157607493247105
2026-01-19 16:33:18 - val epoch: 119, loss: 0.9842
2026-01-19 16:33:19 - train: epoch 120, iter:0, loss: 0.8971, lr: 0.0006872216535789154
2026-01-19 16:33:21 - val epoch: 120, loss: 0.9734, miou: 0.7697314890154597, f1_or_dsc: 0.8698850574712643, accuracy: 0.9994043810614224,                 specificity: 0.9997257598035596, sensitivity: 0.8607825295723385, confusion_matrix: [[473907    130]
 [   153    946]]
2026-01-19 16:33:21 - train: epoch 121, iter:0, loss: 0.8318, lr: 0.0006579634122155989
2026-01-19 16:33:23 - val epoch: 121, loss: 0.9692
2026-01-19 16:33:23 - train: epoch 122, iter:0, loss: 0.8158, lr: 0.0006281014941466024
2026-01-19 16:33:25 - val epoch: 122, loss: 0.9633
2026-01-19 16:33:25 - train: epoch 123, iter:0, loss: 0.8134, lr: 0.0005977537507199332
2026-01-19 16:33:27 - val epoch: 123, loss: 0.9627
2026-01-19 16:33:27 - train: epoch 124, iter:0, loss: 0.7414, lr: 0.0005670399506143303
2026-01-19 16:33:29 - val epoch: 124, loss: 0.9728
2026-01-19 16:33:29 - train: epoch 125, iter:0, loss: 0.8265, lr: 0.00053608130716701
2026-01-19 16:33:31 - val epoch: 125, loss: 0.9502
2026-01-19 16:33:31 - train: epoch 126, iter:0, loss: 0.8170, lr: 0.0005050000000000001
2026-01-19 16:33:33 - val epoch: 126, loss: 0.9555
2026-01-19 16:33:34 - train: epoch 127, iter:0, loss: 0.8029, lr: 0.0004739186928329894
2026-01-19 16:33:36 - val epoch: 127, loss: 0.9534
2026-01-19 16:33:36 - train: epoch 128, iter:0, loss: 0.8095, lr: 0.0004429600493856691
2026-01-19 16:33:38 - val epoch: 128, loss: 0.9412
2026-01-19 16:33:38 - train: epoch 129, iter:0, loss: 0.7717, lr: 0.0004122462492800658
2026-01-19 16:33:40 - val epoch: 129, loss: 0.9460
2026-01-19 16:33:40 - train: epoch 130, iter:0, loss: 1.0093, lr: 0.00038189850585339653
2026-01-19 16:33:42 - val epoch: 130, loss: 0.9385
2026-01-19 16:33:42 - train: epoch 131, iter:0, loss: 0.7259, lr: 0.0003520365877844009
2026-01-19 16:33:44 - val epoch: 131, loss: 0.9386
2026-01-19 16:33:44 - train: epoch 132, iter:0, loss: 0.7803, lr: 0.00032277834642108455
2026-01-19 16:33:46 - val epoch: 132, loss: 0.9350
2026-01-19 16:33:46 - train: epoch 133, iter:0, loss: 0.7185, lr: 0.0002942392506752885
2026-01-19 16:33:48 - val epoch: 133, loss: 0.9368
2026-01-19 16:33:48 - train: epoch 134, iter:0, loss: 0.7325, lr: 0.00026653193131965055
2026-01-19 16:33:51 - val epoch: 134, loss: 0.9322
2026-01-19 16:33:51 - train: epoch 135, iter:0, loss: 0.7505, lr: 0.00023976573648539642
2026-01-19 16:33:53 - val epoch: 135, loss: 0.9313
2026-01-19 16:33:53 - train: epoch 136, iter:0, loss: 0.8047, lr: 0.0002140463001152257
2026-01-19 16:33:55 - val epoch: 136, loss: 0.9306
2026-01-19 16:33:55 - train: epoch 137, iter:0, loss: 0.7767, lr: 0.000189475125074398
2026-01-19 16:33:57 - val epoch: 137, loss: 0.9275
2026-01-19 16:33:57 - train: epoch 138, iter:0, loss: 0.7673, lr: 0.00016614918256529872
2026-01-19 16:33:59 - val epoch: 138, loss: 0.9293
2026-01-19 16:33:59 - train: epoch 139, iter:0, loss: 0.7589, lr: 0.00014416052942640105
2026-01-19 16:34:01 - val epoch: 139, loss: 0.9291
2026-01-19 16:34:02 - train: epoch 140, iter:0, loss: 0.7295, lr: 0.0001235959448259842
2026-01-19 16:34:04 - val epoch: 140, loss: 0.9270
2026-01-19 16:34:04 - train: epoch 141, iter:0, loss: 0.7275, lr: 0.00010453658778440103
2026-01-19 16:34:06 - val epoch: 141, loss: 0.9244
2026-01-19 16:34:06 - train: epoch 142, iter:0, loss: 0.7697, lr: 8.705767687650263e-05
2026-01-19 16:34:08 - val epoch: 142, loss: 0.9239
2026-01-19 16:34:08 - train: epoch 143, iter:0, loss: 0.7759, lr: 7.12281933782873e-05
2026-01-19 16:34:11 - val epoch: 143, loss: 0.9234
2026-01-19 16:34:11 - train: epoch 144, iter:0, loss: 0.7581, lr: 5.711060902932021e-05
2026-01-19 16:34:13 - val epoch: 144, loss: 0.9239
2026-01-19 16:34:13 - train: epoch 145, iter:0, loss: 0.9565, lr: 4.4760639485315496e-05
2026-01-19 16:34:15 - val epoch: 145, loss: 0.9236
2026-01-19 16:34:15 - train: epoch 146, iter:0, loss: 0.7485, lr: 3.422702443389903e-05
2026-01-19 16:34:17 - val epoch: 146, loss: 0.9235
2026-01-19 16:34:17 - train: epoch 147, iter:0, loss: 0.7484, lr: 2.555133524132766e-05
2026-01-19 16:34:19 - val epoch: 147, loss: 0.9235
2026-01-19 16:34:19 - train: epoch 148, iter:0, loss: 0.8236, lr: 1.876781088929902e-05
2026-01-19 16:34:21 - val epoch: 148, loss: 0.9236
2026-01-19 16:34:21 - train: epoch 149, iter:0, loss: 0.7438, lr: 1.390322284933345e-05
2026-01-19 16:34:23 - val epoch: 149, loss: 0.9234
2026-01-19 16:34:24 - train: epoch 150, iter:0, loss: 0.9259, lr: 1.0976769428005579e-05
2026-01-19 16:34:25 - val epoch: 150, loss: 0.9232, miou: 0.7702479338842976, f1_or_dsc: 0.8702147525676938, accuracy: 0.9994149043642241,                 specificity: 0.9997658410630393, sensitivity: 0.8480436760691538, confusion_matrix: [[473926    111]
 [   167    932]]
2026-01-19 16:34:26 - train: epoch 151, iter:0, loss: 0.7237, lr: 1e-05
2026-01-19 16:34:28 - val epoch: 151, loss: 0.9232
2026-01-19 16:34:28 - train: epoch 152, iter:0, loss: 0.7572, lr: 1.0976769428005579e-05
2026-01-19 16:34:30 - val epoch: 152, loss: 0.9232
2026-01-19 16:34:30 - train: epoch 153, iter:0, loss: 1.0303, lr: 1.3903222849333397e-05
2026-01-19 16:34:32 - val epoch: 153, loss: 0.9232
2026-01-19 16:34:32 - train: epoch 154, iter:0, loss: 0.7552, lr: 1.8767810889299137e-05
2026-01-19 16:34:34 - val epoch: 154, loss: 0.9233
2026-01-19 16:34:34 - train: epoch 155, iter:0, loss: 0.7228, lr: 2.555133524132761e-05
2026-01-19 16:34:37 - val epoch: 155, loss: 0.9236
2026-01-19 16:34:37 - train: epoch 156, iter:0, loss: 0.7495, lr: 3.422702443389894e-05
2026-01-19 16:34:39 - val epoch: 156, loss: 0.9234
2026-01-19 16:34:39 - train: epoch 157, iter:0, loss: 0.7720, lr: 4.476063948531541e-05
2026-01-19 16:34:41 - val epoch: 157, loss: 0.9225
2026-01-19 16:34:41 - train: epoch 158, iter:0, loss: 0.7773, lr: 5.711060902932007e-05
2026-01-19 16:34:43 - val epoch: 158, loss: 0.9217
2026-01-19 16:34:43 - train: epoch 159, iter:0, loss: 0.7189, lr: 7.122819337828756e-05
2026-01-19 16:34:45 - val epoch: 159, loss: 0.9205
2026-01-19 16:34:46 - train: epoch 160, iter:0, loss: 0.6867, lr: 8.705767687650251e-05
2026-01-19 16:34:47 - val epoch: 160, loss: 0.9217
2026-01-19 16:34:48 - train: epoch 161, iter:0, loss: 0.7938, lr: 0.00010453658778440087
2026-01-19 16:34:49 - val epoch: 161, loss: 0.9210
2026-01-19 16:34:50 - train: epoch 162, iter:0, loss: 0.7908, lr: 0.00012359594482598405
2026-01-19 16:34:51 - val epoch: 162, loss: 0.9192
2026-01-19 16:34:52 - train: epoch 163, iter:0, loss: 0.7831, lr: 0.00014416052942640083
2026-01-19 16:34:54 - val epoch: 163, loss: 0.9193
2026-01-19 16:34:54 - train: epoch 164, iter:0, loss: 0.7939, lr: 0.00016614918256529853
2026-01-19 16:34:56 - val epoch: 164, loss: 0.9184
2026-01-19 16:34:56 - train: epoch 165, iter:0, loss: 0.7452, lr: 0.00018947512507439787
2026-01-19 16:34:58 - val epoch: 165, loss: 0.9189
2026-01-19 16:34:58 - train: epoch 166, iter:0, loss: 0.7269, lr: 0.00021404630011522487
2026-01-19 16:35:00 - val epoch: 166, loss: 0.9189
2026-01-19 16:35:00 - train: epoch 167, iter:0, loss: 0.7410, lr: 0.00023976573648539702
2026-01-19 16:35:02 - val epoch: 167, loss: 0.9175
2026-01-19 16:35:03 - train: epoch 168, iter:0, loss: 0.7470, lr: 0.0002665319313196511
2026-01-19 16:35:04 - val epoch: 168, loss: 0.9174
2026-01-19 16:35:05 - train: epoch 169, iter:0, loss: 0.8118, lr: 0.000294239250675289
2026-01-19 16:35:06 - val epoch: 169, loss: 0.9129
2026-01-19 16:35:07 - train: epoch 170, iter:0, loss: 0.7370, lr: 0.0003227783464210843
2026-01-19 16:35:09 - val epoch: 170, loss: 0.9148
2026-01-19 16:35:09 - train: epoch 171, iter:0, loss: 0.6988, lr: 0.0003520365877844007
2026-01-19 16:35:11 - val epoch: 171, loss: 0.9264
2026-01-19 16:35:11 - train: epoch 172, iter:0, loss: 0.7664, lr: 0.0003818985058533964
2026-01-19 16:35:13 - val epoch: 172, loss: 0.9123
2026-01-19 16:35:13 - train: epoch 173, iter:0, loss: 0.7710, lr: 0.0004122462492800657
2026-01-19 16:35:15 - val epoch: 173, loss: 0.9205
2026-01-19 16:35:16 - train: epoch 174, iter:0, loss: 0.7732, lr: 0.0004429600493856686
2026-01-19 16:35:17 - val epoch: 174, loss: 0.9161
2026-01-19 16:35:18 - train: epoch 175, iter:0, loss: 0.7629, lr: 0.00047391869283298883
2026-01-19 16:35:20 - val epoch: 175, loss: 0.9012
2026-01-19 16:35:20 - train: epoch 176, iter:0, loss: 0.6836, lr: 0.0005049999999999987
2026-01-19 16:35:22 - val epoch: 176, loss: 0.9125
2026-01-19 16:35:22 - train: epoch 177, iter:0, loss: 0.9734, lr: 0.0005360813071670096
2026-01-19 16:35:24 - val epoch: 177, loss: 0.8995
2026-01-19 16:35:24 - train: epoch 178, iter:0, loss: 0.8089, lr: 0.0005670399506143308
2026-01-19 16:35:26 - val epoch: 178, loss: 0.8972
2026-01-19 16:35:26 - train: epoch 179, iter:0, loss: 0.8267, lr: 0.0005977537507199336
2026-01-19 16:35:28 - val epoch: 179, loss: 0.8875
2026-01-19 16:35:28 - train: epoch 180, iter:0, loss: 0.7514, lr: 0.0006281014941466028
2026-01-19 16:35:30 - val epoch: 180, loss: 0.8953, miou: 0.7623430962343096, f1_or_dsc: 0.8651471984805318, accuracy: 0.9994022764008621,                 specificity: 0.9997974841626287, sensitivity: 0.8289353958143767, confusion_matrix: [[473941     96]
 [   188    911]]
2026-01-19 16:35:30 - train: epoch 181, iter:0, loss: 0.7935, lr: 0.0006579634122155985
2026-01-19 16:35:32 - val epoch: 181, loss: 0.8959
2026-01-19 16:35:33 - train: epoch 182, iter:0, loss: 0.9318, lr: 0.000687221653578915
2026-01-19 16:35:35 - val epoch: 182, loss: 0.8933
2026-01-19 16:35:35 - train: epoch 183, iter:0, loss: 0.7136, lr: 0.0007157607493247102
2026-01-19 16:35:37 - val epoch: 183, loss: 0.8826
2026-01-19 16:35:37 - train: epoch 184, iter:0, loss: 0.6908, lr: 0.0007434680686803483
2026-01-19 16:35:39 - val epoch: 184, loss: 0.8758
2026-01-19 16:35:39 - train: epoch 185, iter:0, loss: 0.7406, lr: 0.0007702342635146025
2026-01-19 16:35:41 - val epoch: 185, loss: 0.8847
2026-01-19 16:35:42 - train: epoch 186, iter:0, loss: 0.7050, lr: 0.000795953699884774
2026-01-19 16:35:43 - val epoch: 186, loss: 0.8731
2026-01-19 16:35:44 - train: epoch 187, iter:0, loss: 0.7229, lr: 0.000820524874925601
2026-01-19 16:35:46 - val epoch: 187, loss: 0.8815
2026-01-19 16:35:46 - train: epoch 188, iter:0, loss: 0.6846, lr: 0.0008438508174347011
2026-01-19 16:35:48 - val epoch: 188, loss: 0.8720
2026-01-19 16:35:48 - train: epoch 189, iter:0, loss: 0.9311, lr: 0.0008658394705735988
2026-01-19 16:35:50 - val epoch: 189, loss: 0.8711
2026-01-19 16:35:51 - train: epoch 190, iter:0, loss: 0.6601, lr: 0.0008864040551740157
2026-01-19 16:35:52 - val epoch: 190, loss: 0.8668
2026-01-19 16:35:53 - train: epoch 191, iter:0, loss: 0.6917, lr: 0.0009054634122155989
2026-01-19 16:35:55 - val epoch: 191, loss: 0.8852
2026-01-19 16:35:55 - train: epoch 192, iter:0, loss: 0.9355, lr: 0.0009229423231234973
2026-01-19 16:35:57 - val epoch: 192, loss: 0.8664
2026-01-19 16:35:57 - train: epoch 193, iter:0, loss: 0.7463, lr: 0.0009387718066217124
2026-01-19 16:35:59 - val epoch: 193, loss: 0.8519
2026-01-19 16:35:59 - train: epoch 194, iter:0, loss: 0.7207, lr: 0.0009528893909706795
2026-01-19 16:36:01 - val epoch: 194, loss: 0.8452
2026-01-19 16:36:01 - train: epoch 195, iter:0, loss: 0.6820, lr: 0.0009652393605146845
2026-01-19 16:36:03 - val epoch: 195, loss: 0.8600
2026-01-19 16:36:04 - train: epoch 196, iter:0, loss: 0.6905, lr: 0.0009757729755661011
2026-01-19 16:36:05 - val epoch: 196, loss: 0.8587
2026-01-19 16:36:06 - train: epoch 197, iter:0, loss: 0.7012, lr: 0.0009844486647586726
2026-01-19 16:36:08 - val epoch: 197, loss: 0.8477
2026-01-19 16:36:08 - train: epoch 198, iter:0, loss: 0.6582, lr: 0.000991232189110701
2026-01-19 16:36:10 - val epoch: 198, loss: 0.8488
2026-01-19 16:36:10 - train: epoch 199, iter:0, loss: 0.6977, lr: 0.0009960967771506667
2026-01-19 16:36:12 - val epoch: 199, loss: 0.8386
2026-01-19 16:36:12 - train: epoch 200, iter:0, loss: 0.6518, lr: 0.0009990232305719944
2026-01-19 16:36:14 - val epoch: 200, loss: 0.8317
2026-01-19 16:36:14 - train: epoch 201, iter:0, loss: 0.6644, lr: 0.001
2026-01-19 16:36:16 - val epoch: 201, loss: 0.8477
2026-01-19 16:36:16 - train: epoch 202, iter:0, loss: 0.7348, lr: 0.0009990232305719946
2026-01-19 16:36:18 - val epoch: 202, loss: 0.8364
2026-01-19 16:36:18 - train: epoch 203, iter:0, loss: 0.7010, lr: 0.0009960967771506667
2026-01-19 16:36:20 - val epoch: 203, loss: 0.8314
2026-01-19 16:36:20 - train: epoch 204, iter:0, loss: 0.6502, lr: 0.000991232189110701
2026-01-19 16:36:22 - val epoch: 204, loss: 0.8379
2026-01-19 16:36:22 - train: epoch 205, iter:0, loss: 0.6642, lr: 0.0009844486647586723
2026-01-19 16:36:25 - val epoch: 205, loss: 0.8280
2026-01-19 16:36:25 - train: epoch 206, iter:0, loss: 0.6314, lr: 0.0009757729755661011
2026-01-19 16:36:27 - val epoch: 206, loss: 0.8310
2026-01-19 16:36:27 - train: epoch 207, iter:0, loss: 0.6877, lr: 0.0009652393605146846
2026-01-19 16:36:29 - val epoch: 207, loss: 0.8340
2026-01-19 16:36:29 - train: epoch 208, iter:0, loss: 0.6349, lr: 0.0009528893909706799
2026-01-19 16:36:31 - val epoch: 208, loss: 0.8264
2026-01-19 16:36:31 - train: epoch 209, iter:0, loss: 0.6796, lr: 0.0009387718066217124
2026-01-19 16:36:33 - val epoch: 209, loss: 0.8330
2026-01-19 16:36:33 - train: epoch 210, iter:0, loss: 0.7014, lr: 0.0009229423231234975
2026-01-19 16:36:35 - val epoch: 210, loss: 0.8330, miou: 0.7761194029850746, f1_or_dsc: 0.8739495798319328, accuracy: 0.9994317416487069,                 specificity: 0.9997742792229298, sensitivity: 0.8516833484986351, confusion_matrix: [[473930    107]
 [   163    936]]
2026-01-19 16:36:35 - train: epoch 211, iter:0, loss: 0.6599, lr: 0.0009054634122155992
2026-01-19 16:36:37 - val epoch: 211, loss: 0.8238
2026-01-19 16:36:38 - train: epoch 212, iter:0, loss: 0.6564, lr: 0.000886404055174016
2026-01-19 16:36:40 - val epoch: 212, loss: 0.8246
2026-01-19 16:36:40 - train: epoch 213, iter:0, loss: 0.6606, lr: 0.0008658394705735985
2026-01-19 16:36:42 - val epoch: 213, loss: 0.8171
2026-01-19 16:36:42 - train: epoch 214, iter:0, loss: 0.6424, lr: 0.0008438508174347008
2026-01-19 16:36:44 - val epoch: 214, loss: 0.8233
2026-01-19 16:36:44 - train: epoch 215, iter:0, loss: 0.6909, lr: 0.0008205248749256014
2026-01-19 16:36:46 - val epoch: 215, loss: 0.8084
2026-01-19 16:36:46 - train: epoch 216, iter:0, loss: 0.6308, lr: 0.0007959536998847743
2026-01-19 16:36:48 - val epoch: 216, loss: 0.8186
2026-01-19 16:36:48 - train: epoch 217, iter:0, loss: 0.6655, lr: 0.0007702342635146037
2026-01-19 16:36:50 - val epoch: 217, loss: 0.8169
2026-01-19 16:36:50 - train: epoch 218, iter:0, loss: 0.8657, lr: 0.0007434680686803494
2026-01-19 16:36:52 - val epoch: 218, loss: 0.8159
2026-01-19 16:36:52 - train: epoch 219, iter:0, loss: 0.6420, lr: 0.0007157607493247116
2026-01-19 16:36:54 - val epoch: 219, loss: 0.8142
2026-01-19 16:36:55 - train: epoch 220, iter:0, loss: 0.8927, lr: 0.0006872216535789156
2026-01-19 16:36:57 - val epoch: 220, loss: 0.8177
2026-01-19 16:36:57 - train: epoch 221, iter:0, loss: 0.9033, lr: 0.0006579634122155991
2026-01-19 16:36:59 - val epoch: 221, loss: 0.8164
2026-01-19 16:36:59 - train: epoch 222, iter:0, loss: 0.8666, lr: 0.0006281014941466026
2026-01-19 16:37:01 - val epoch: 222, loss: 0.8186
2026-01-19 16:37:01 - train: epoch 223, iter:0, loss: 0.6991, lr: 0.0005977537507199333
2026-01-19 16:37:03 - val epoch: 223, loss: 0.8127
2026-01-19 16:37:03 - train: epoch 224, iter:0, loss: 0.7023, lr: 0.0005670399506143304
2026-01-19 16:37:05 - val epoch: 224, loss: 0.8051
2026-01-19 16:37:05 - train: epoch 225, iter:0, loss: 0.8874, lr: 0.00053608130716701
2026-01-19 16:37:07 - val epoch: 225, loss: 0.8114
2026-01-19 16:37:07 - train: epoch 226, iter:0, loss: 0.6761, lr: 0.0005050000000000001
2026-01-19 16:37:09 - val epoch: 226, loss: 0.8026
2026-01-19 16:37:10 - train: epoch 227, iter:0, loss: 0.9165, lr: 0.00047391869283299024
2026-01-19 16:37:12 - val epoch: 227, loss: 0.8026
2026-01-19 16:37:12 - train: epoch 228, iter:0, loss: 0.6231, lr: 0.00044296004938567
2026-01-19 16:37:14 - val epoch: 228, loss: 0.8136
2026-01-19 16:37:14 - train: epoch 229, iter:0, loss: 0.6737, lr: 0.00041224624928006703
2026-01-19 16:37:16 - val epoch: 229, loss: 0.8055
2026-01-19 16:37:16 - train: epoch 230, iter:0, loss: 0.6727, lr: 0.0003818985058533978
2026-01-19 16:37:18 - val epoch: 230, loss: 0.8064
2026-01-19 16:37:18 - train: epoch 231, iter:0, loss: 0.6613, lr: 0.0003520365877844004
2026-01-19 16:37:20 - val epoch: 231, loss: 0.8041
2026-01-19 16:37:20 - train: epoch 232, iter:0, loss: 0.6801, lr: 0.00032277834642108395
2026-01-19 16:37:22 - val epoch: 232, loss: 0.8023
2026-01-19 16:37:23 - train: epoch 233, iter:0, loss: 0.7452, lr: 0.0002942392506752888
2026-01-19 16:37:25 - val epoch: 233, loss: 0.8087
2026-01-19 16:37:25 - train: epoch 234, iter:0, loss: 0.6957, lr: 0.0002665319313196508
2026-01-19 16:37:27 - val epoch: 234, loss: 0.8024
2026-01-19 16:37:27 - train: epoch 235, iter:0, loss: 0.6505, lr: 0.0002397657364853967
2026-01-19 16:37:29 - val epoch: 235, loss: 0.8070
2026-01-19 16:37:29 - train: epoch 236, iter:0, loss: 0.6369, lr: 0.00021404630011522595
2026-01-19 16:37:31 - val epoch: 236, loss: 0.8036
2026-01-19 16:37:31 - train: epoch 237, iter:0, loss: 0.6416, lr: 0.0001894751250743989
2026-01-19 16:37:33 - val epoch: 237, loss: 0.8012
2026-01-19 16:37:33 - train: epoch 238, iter:0, loss: 0.8950, lr: 0.00016614918256529953
2026-01-19 16:37:35 - val epoch: 238, loss: 0.8046
2026-01-19 16:37:35 - train: epoch 239, iter:0, loss: 0.7130, lr: 0.0001441605294264018
2026-01-19 16:37:37 - val epoch: 239, loss: 0.8044
2026-01-19 16:37:37 - train: epoch 240, iter:0, loss: 0.6161, lr: 0.00012359594482598497
2026-01-19 16:37:39 - val epoch: 240, loss: 0.8015, miou: 0.7831821929101401, f1_or_dsc: 0.878409616273694, accuracy: 0.9994464742726293,                 specificity: 0.9997595124431216, sensitivity: 0.8644222020018199, confusion_matrix: [[473923    114]
 [   149    950]]
2026-01-19 16:37:40 - train: epoch 241, iter:0, loss: 0.6166, lr: 0.00010453658778440172
2026-01-19 16:37:41 - val epoch: 241, loss: 0.8020
2026-01-19 16:37:42 - train: epoch 242, iter:0, loss: 0.6760, lr: 8.705767687650232e-05
2026-01-19 16:37:44 - val epoch: 242, loss: 0.8042
2026-01-19 16:37:44 - train: epoch 243, iter:0, loss: 0.6492, lr: 7.122819337828741e-05
2026-01-19 16:37:46 - val epoch: 243, loss: 0.8057
2026-01-19 16:37:46 - train: epoch 244, iter:0, loss: 0.8713, lr: 5.711060902932031e-05
2026-01-19 16:37:48 - val epoch: 244, loss: 0.8041
2026-01-19 16:37:48 - train: epoch 245, iter:0, loss: 0.6944, lr: 4.4760639485315584e-05
2026-01-19 16:37:50 - val epoch: 245, loss: 0.8036
2026-01-19 16:37:50 - train: epoch 246, iter:0, loss: 0.6625, lr: 3.422702443389906e-05
2026-01-19 16:37:52 - val epoch: 246, loss: 0.8039
2026-01-19 16:37:52 - train: epoch 247, iter:0, loss: 0.5783, lr: 2.5551335241327733e-05
2026-01-19 16:37:54 - val epoch: 247, loss: 0.8038
2026-01-19 16:37:54 - train: epoch 248, iter:0, loss: 0.6801, lr: 1.8767810889299255e-05
2026-01-19 16:37:56 - val epoch: 248, loss: 0.8043
2026-01-19 16:37:57 - train: epoch 249, iter:0, loss: 0.6262, lr: 1.3903222849333564e-05
2026-01-19 16:37:59 - val epoch: 249, loss: 0.8041
2026-01-19 16:37:59 - train: epoch 250, iter:0, loss: 0.5826, lr: 1.0976769428005635e-05
2026-01-19 16:38:01 - val epoch: 250, loss: 0.8036
2026-01-19 16:38:01 - train: epoch 251, iter:0, loss: 0.6388, lr: 1e-05
2026-01-19 16:38:03 - val epoch: 251, loss: 0.8035
2026-01-19 16:38:03 - train: epoch 252, iter:0, loss: 0.6424, lr: 1.0976769428005579e-05
2026-01-19 16:38:05 - val epoch: 252, loss: 0.8032
2026-01-19 16:38:05 - train: epoch 253, iter:0, loss: 0.6300, lr: 1.3903222849333505e-05
2026-01-19 16:38:07 - val epoch: 253, loss: 0.8027
2026-01-19 16:38:07 - train: epoch 254, iter:0, loss: 0.6158, lr: 1.8767810889299133e-05
2026-01-19 16:38:09 - val epoch: 254, loss: 0.8031
2026-01-19 16:38:09 - train: epoch 255, iter:0, loss: 0.6069, lr: 2.555133524132755e-05
2026-01-19 16:38:11 - val epoch: 255, loss: 0.8031
2026-01-19 16:38:12 - train: epoch 256, iter:0, loss: 0.7065, lr: 3.422702443389915e-05
2026-01-19 16:38:13 - val epoch: 256, loss: 0.8028
2026-01-19 16:38:14 - train: epoch 257, iter:0, loss: 0.6176, lr: 4.4760639485315665e-05
2026-01-19 16:38:16 - val epoch: 257, loss: 0.8026
2026-01-19 16:38:16 - train: epoch 258, iter:0, loss: 0.6752, lr: 5.7110609029320384e-05
2026-01-19 16:38:18 - val epoch: 258, loss: 0.8031
2026-01-19 16:38:18 - train: epoch 259, iter:0, loss: 0.6397, lr: 7.122819337828748e-05
2026-01-19 16:38:20 - val epoch: 259, loss: 0.8029
2026-01-19 16:38:20 - train: epoch 260, iter:0, loss: 0.9042, lr: 8.705767687650243e-05
2026-01-19 16:38:22 - val epoch: 260, loss: 0.8021
2026-01-19 16:38:22 - train: epoch 261, iter:0, loss: 0.6150, lr: 0.00010453658778440077
2026-01-19 16:38:24 - val epoch: 261, loss: 0.8036
2026-01-19 16:38:24 - train: epoch 262, iter:0, loss: 0.6491, lr: 0.00012359594482598397
2026-01-19 16:38:26 - val epoch: 262, loss: 0.8083
2026-01-19 16:38:27 - train: epoch 263, iter:0, loss: 0.6487, lr: 0.00014416052942640075
2026-01-19 16:38:29 - val epoch: 263, loss: 0.8039
2026-01-19 16:38:29 - train: epoch 264, iter:0, loss: 0.6209, lr: 0.00016614918256529967
2026-01-19 16:38:31 - val epoch: 264, loss: 0.8021
2026-01-19 16:38:31 - train: epoch 265, iter:0, loss: 0.5840, lr: 0.00018947512507439904
2026-01-19 16:38:33 - val epoch: 265, loss: 0.8037
2026-01-19 16:38:33 - train: epoch 266, iter:0, loss: 0.6404, lr: 0.00021404630011522606
2026-01-19 16:38:35 - val epoch: 266, loss: 0.8057
2026-01-19 16:38:35 - train: epoch 267, iter:0, loss: 0.7005, lr: 0.00023976573648539678
2026-01-19 16:38:37 - val epoch: 267, loss: 0.8055
2026-01-19 16:38:37 - train: epoch 268, iter:0, loss: 0.6630, lr: 0.0002665319313196509
2026-01-19 16:38:39 - val epoch: 268, loss: 0.8082
2026-01-19 16:38:39 - train: epoch 269, iter:0, loss: 0.6421, lr: 0.0002942392506752888
2026-01-19 16:38:41 - val epoch: 269, loss: 0.8004
2026-01-19 16:38:41 - train: epoch 270, iter:0, loss: 0.6553, lr: 0.000322778346421084
2026-01-19 16:38:43 - val epoch: 270, loss: 0.7981, miou: 0.7783251231527094, f1_or_dsc: 0.8753462603878116, accuracy: 0.9994317416487069,                 specificity: 0.9997489647432585, sensitivity: 0.8626023657870792, confusion_matrix: [[473918    119]
 [   151    948]]
2026-01-19 16:38:43 - train: epoch 271, iter:0, loss: 0.6132, lr: 0.00035203658778440043
2026-01-19 16:38:45 - val epoch: 271, loss: 0.7995
2026-01-19 16:38:45 - train: epoch 272, iter:0, loss: 0.8742, lr: 0.0003818985058533961
2026-01-19 16:38:47 - val epoch: 272, loss: 0.7987
2026-01-19 16:38:48 - train: epoch 273, iter:0, loss: 0.6311, lr: 0.00041224624928006703
2026-01-19 16:38:50 - val epoch: 273, loss: 0.8083
2026-01-19 16:38:50 - train: epoch 274, iter:0, loss: 0.8989, lr: 0.00044296004938566987
2026-01-19 16:38:52 - val epoch: 274, loss: 0.8050
2026-01-19 16:38:52 - train: epoch 275, iter:0, loss: 0.6671, lr: 0.0004739186928329902
2026-01-19 16:38:54 - val epoch: 275, loss: 0.8038
2026-01-19 16:38:54 - train: epoch 276, iter:0, loss: 0.5819, lr: 0.000505
2026-01-19 16:38:56 - val epoch: 276, loss: 0.7987
2026-01-19 16:38:57 - train: epoch 277, iter:0, loss: 0.6330, lr: 0.0005360813071670099
2026-01-19 16:38:59 - val epoch: 277, loss: 0.7930
2026-01-19 16:38:59 - train: epoch 278, iter:0, loss: 0.6449, lr: 0.0005670399506143303
2026-01-19 16:39:01 - val epoch: 278, loss: 0.8130
2026-01-19 16:39:01 - train: epoch 279, iter:0, loss: 0.6233, lr: 0.0005977537507199331
2026-01-19 16:39:03 - val epoch: 279, loss: 0.7974
2026-01-19 16:39:03 - train: epoch 280, iter:0, loss: 0.8828, lr: 0.0006281014941466024
2026-01-19 16:39:05 - val epoch: 280, loss: 0.8129
2026-01-19 16:39:05 - train: epoch 281, iter:0, loss: 0.6577, lr: 0.000657963412215598
2026-01-19 16:39:07 - val epoch: 281, loss: 0.8023
2026-01-19 16:39:07 - train: epoch 282, iter:0, loss: 0.6298, lr: 0.0006872216535789145
2026-01-19 16:39:09 - val epoch: 282, loss: 0.8038
2026-01-19 16:39:10 - train: epoch 283, iter:0, loss: 0.6194, lr: 0.0007157607493247098
2026-01-19 16:39:11 - val epoch: 283, loss: 0.7945
2026-01-19 16:39:12 - train: epoch 284, iter:0, loss: 0.8199, lr: 0.0007434680686803492
2026-01-19 16:39:14 - val epoch: 284, loss: 0.7993
2026-01-19 16:39:14 - train: epoch 285, iter:0, loss: 0.6404, lr: 0.0007702342635146034
2026-01-19 16:39:16 - val epoch: 285, loss: 0.7900
2026-01-19 16:39:16 - train: epoch 286, iter:0, loss: 0.8911, lr: 0.0007959536998847742
2026-01-19 16:39:18 - val epoch: 286, loss: 0.8034
2026-01-19 16:39:18 - train: epoch 287, iter:0, loss: 0.8632, lr: 0.0008205248749256013
2026-01-19 16:39:20 - val epoch: 287, loss: 0.7887
2026-01-19 16:39:20 - train: epoch 288, iter:0, loss: 0.6712, lr: 0.0008438508174347006
2026-01-19 16:39:22 - val epoch: 288, loss: 0.7940
2026-01-19 16:39:23 - train: epoch 289, iter:0, loss: 0.6958, lr: 0.0008658394705735983
2026-01-19 16:39:25 - val epoch: 289, loss: 0.7839
2026-01-19 16:39:25 - train: epoch 290, iter:0, loss: 0.6483, lr: 0.0008864040551740151
2026-01-19 16:39:27 - val epoch: 290, loss: 0.7841
2026-01-19 16:39:27 - train: epoch 291, iter:0, loss: 0.6439, lr: 0.0009054634122155984
2026-01-19 16:39:29 - val epoch: 291, loss: 0.7920
2026-01-19 16:39:29 - train: epoch 292, iter:0, loss: 0.6739, lr: 0.0009229423231234968
2026-01-19 16:39:31 - val epoch: 292, loss: 0.7975
2026-01-19 16:39:31 - train: epoch 293, iter:0, loss: 0.6668, lr: 0.0009387718066217118
2026-01-19 16:39:33 - val epoch: 293, loss: 0.7889
2026-01-19 16:39:34 - train: epoch 294, iter:0, loss: 0.6448, lr: 0.000952889390970679
2026-01-19 16:39:36 - val epoch: 294, loss: 0.7884
2026-01-19 16:39:36 - train: epoch 295, iter:0, loss: 0.6615, lr: 0.0009652393605146844
2026-01-19 16:39:38 - val epoch: 295, loss: 0.8125
2026-01-19 16:39:38 - train: epoch 296, iter:0, loss: 0.6993, lr: 0.000975772975566101
2026-01-19 16:39:40 - val epoch: 296, loss: 0.7845
2026-01-19 16:39:40 - train: epoch 297, iter:0, loss: 0.6228, lr: 0.0009844486647586721
2026-01-19 16:39:42 - val epoch: 297, loss: 0.7804
2026-01-19 16:39:42 - train: epoch 298, iter:0, loss: 0.6544, lr: 0.0009912321891107007
2026-01-19 16:39:44 - val epoch: 298, loss: 0.7755
2026-01-19 16:39:44 - train: epoch 299, iter:0, loss: 0.6192, lr: 0.0009960967771506662
2026-01-19 16:39:46 - val epoch: 299, loss: 0.7866
2026-01-19 16:39:47 - train: epoch 300, iter:0, loss: 0.6210, lr: 0.000999023230571994
2026-01-19 16:39:49 - val epoch: 300, loss: 0.7837, miou: 0.7848206839032527, f1_or_dsc: 0.8794392523364486, accuracy: 0.999456997575431,                 specificity: 0.9997890460027382, sensitivity: 0.8562329390354868, confusion_matrix: [[473937    100]
 [   158    941]]
2026-01-19 16:39:50 - test of best model, loss: 0.7755,miou: 0.7817589576547231, f1_or_dsc: 0.8775137111517367, accuracy: 0.9994359509698276,                 specificity: 0.9997278693435323, sensitivity: 0.8735213830755232, confusion_matrix: [[473908    129]
 [   139    960]]
